npm warn Unknown project config "auto-install-peers". This will stop working in the next major version of npm.
npm warn Unknown project config "strict-peer-dependencies". This will stop working in the next major version of npm.

> lumina-api@0.28.7 start
> node ./api.js

⚠️  Recommended environment variables not set: MONGODB_URI, ELASTICSEARCH_URL, HORIZON_URL_PUBLIC
   Using defaults from app.config.json
Connected to db mongodb+srv://subasiarhan3_db_user:ETKnWiMmraGFX5P@lumina.vcg0rkz.mongodb.net/lumina_public?retryWrites=true&w=majority&appName=lumina
Connected to archive mongodb+srv://subasiarhan3_db_user:ETKnWiMmraGFX5P@lumina.vcg0rkz.mongodb.net/lumina_archive?retryWrites=true&w=majority&appName=lumina
Connected to db mongodb+srv://subasiarhan3_db_user:ETKnWiMmraGFX5P@lumina.vcg0rkz.mongodb.net/lumina_testnet?retryWrites=true&w=majority&appName=lumina
Connected to archive mongodb+srv://subasiarhan3_db_user:ETKnWiMmraGFX5P@lumina.vcg0rkz.mongodb.net/lumina_archive?retryWrites=true&w=majority&appName=lumina
Redis not configured, using in-memory cache
Sentry profiling not available (optional)
Sentry DSN not configured, skipping initialization
Billing service not configured (serviceToken missing), skipping initialization
[POOLS-LIVE] Module loaded, registering routes...
[POOLS-LIVE] Registering liquidity-pool endpoint
[METRICS] prom-client not installed. Install with: npm install prom-client
[METRICS] Metrics endpoint will return empty response
Lumina 3D Modern Stellar Explorer API server started on 3000 port.
[Ingestion] Starting for public...
✅ Continuous data ingestion ENABLED
[Ingestion] Synced 200 recent ledgers
[2025-11-30T01:12:56.919Z] GET /explorer/public/ledger/last
[2025-11-30T01:12:56.924Z] GET /explorer/public/tx/stream
[2025-11-30T01:12:56.928Z] GET /explorer/public/transactions/latest?limit=20
[2025-11-30T01:12:57.131Z] GET /explorer/public/ledger/stream
[2025-11-30T01:12:58.528Z] GET /explorer/public/ledger/60079292
[2025-11-30T01:12:59.530Z] GET /explorer/public/ledger/stream
[2025-11-30T01:12:59.732Z] GET /explorer/public/tx/e577b5bf35fe387dabe9d1486ec6dcb9549c579f234832a4b6bd2abc6ce3f286
Fetching transaction e577b5bf35fe387dabe9d1486ec6dcb9549c579f234832a4b6bd2abc6ce3f286 from Horizon for network public
Successfully fetched transaction e577b5bf35fe387dabe9d1486ec6dcb9549c579f234832a4b6bd2abc6ce3f286
[2025-11-30T01:13:48.515Z] GET /explorer/public/tx/e577b5bf35fe387dabe9d1486ec6dcb9549c579f234832a4b6bd2abc6ce3f286
Fetching transaction e577b5bf35fe387dabe9d1486ec6dcb9549c579f234832a4b6bd2abc6ce3f286 from Horizon for network public
Successfully fetched transaction e577b5bf35fe387dabe9d1486ec6dcb9549c579f234832a4b6bd2abc6ce3f286
[2025-11-30T01:13:49.548Z] GET /explorer/directory?address[]=GC5NHVE42F225ZB7J4NF67O6RMM5LQ5IQKGMZZUSPI2PCBZCRE34RXSY
[2025-11-30T01:13:49.569Z] GET /explorer/public/asset/meta?asset[]=XLM&origin=http%3A%2F%2Flocalhost%3A9001
[2025-11-30T01:14:42.195Z] GET /explorer/public/ledger/last
[2025-11-30T01:14:42.197Z] GET /explorer/public/tx/stream
[2025-11-30T01:14:42.198Z] GET /explorer/public/ledger/recent?limit=20
[2025-11-30T01:14:42.201Z] GET /explorer/public/fee-analytics
[2025-11-30T01:14:42.204Z] GET /explorer/public/transactions/latest?limit=20
[2025-11-30T01:14:42.403Z] GET /explorer/public/ledger/stream
[2025-11-30T01:14:44.881Z] GET /explorer/public/account/GDJUTHWPISLP4U4BXYTR6DOGANKHCDITE7DFWFIHB3RRRMV42GADEXUI
[2025-11-30T01:14:45.383Z] GET /explorer/directory?address[]=GDJUTHWPISLP4U4BXYTR6DOGANKHCDITE7DFWFIHB3RRRMV42GADEXUI
[2025-11-30T01:14:45.403Z] GET /explorer/public/account/GDJUTHWPISLP4U4BXYTR6DOGANKHCDITE7DFWFIHB3RRRMV42GADEXUI/claimable-balances?limit=10&order=desc
[2025-11-30T01:14:45.406Z] GET /explorer/public/account/GDJUTHWPISLP4U4BXYTR6DOGANKHCDITE7DFWFIHB3RRRMV42GADEXUI/value
[2025-11-30T01:14:45.407Z] GET /explorer/public/account/GDJUTHWPISLP4U4BXYTR6DOGANKHCDITE7DFWFIHB3RRRMV42GADEXUI/balance/XLM/history
[2025-11-30T01:14:45.507Z] GET /explorer/public/tx?account[]=GDJUTHWPISLP4U4BXYTR6DOGANKHCDITE7DFWFIHB3RRRMV42GADEXUI&limit=40&order=desc
